\o Program:		@(#)$CDS: libManager version 6.1.7 - CAT35 12/07/2016 00:37 (sjfqos809) $
\o Sub version:		sub-version  s031 
\o Arguments:		-unmapped -mpssession virtuoso14535 -mpshost mseda01 
\o Working Directory:	mseda01:/edahome/course/2022CAD/2022CAD021/NYCU-EEIE30047-Special-Topics-in-Computer-Aided-Design/HW4-Modeling-Mixed-Signal-System-and-Simulating-with-AMS/2022CAD_HW4
\o 64-bit offsets
\o Qt version: 		4.8.5
\o changeWorkingDir("/edahome/course/2022CAD/2022CAD021/NYCU-EEIE30047-Special-Topics-in-Computer-Aided-Design/HW4-Modeling-Mixed-Signal-System-and-Simulating-with-AMS/2022CAD_HW4") unnecessary.
\o ddSetForcedLib("") unnecessary.
\o Log file is "/edahome/course/2022CAD/2022CAD021/NYCU-EEIE30047-Special-Topics-in-Computer-Aided-Design/HW4-Modeling-Mixed-Signal-System-and-Simulating-with-AMS/2022CAD_HW4/libManager.log".
\o Opening libManager window.
\a nrSetWindowVisibility(cdsLibManager "show")
\o MPS service: map window
\o Library Manager customization server connected.
\a nrSetCurrentWindow(cdsLibManager)
\a nrResizeWindow(cdsLibManager list(836 29 602 491))
\a cdsLibManager->libListBox->value = "PLL2"
\a cdsLibManager->libLineEdit->value = "PLL2"
\a cdsLibManager->cellListBox->value = "vco"
\a cdsLibManager->cellLineEdit->value = "vco"
\a _lmgrCloseIconify("cdsLibManager" 1)
\a cdsLibManager->libListBox->value = nil
\a cdsLibManager->libLineEdit->value = ""
\a cdsLibManager->cellLineEdit->value = ""
\a cdsLibManager->cellListBox->value = nil
\a cdsLibManager->libListBox->value = "PLL2"
\a cdsLibManager->libLineEdit->value = "PLL2"
\a cdsLibManager->cellListBox->value = "vco"
\a cdsLibManager->cellLineEdit->value = "vco"
\a cdsLibManager->cellListBox->value = nil
\a cdsLibManager->cellLineEdit->value = ""
\a cdsLibManager->cellListBox->value = "vco"
\a cdsLibManager->cellLineEdit->value = "vco"
\o MPS service: shutdown
\o libManager is exiting.
\a nrSetWindowVisibility(cdsLibManager "hide")
\a exit(0)
