\o Program:		@(#)$CDS: libManager version 6.1.7 - CAT35 12/07/2016 00:37 (sjfqos809) $
\o Sub version:		sub-version  s031 
\o Arguments:		-unmapped -mpssession virtuoso6177 -mpshost mseda01 
\o Working Directory:	mseda01:/edahome/course/2022CAD/2022CAD021/NYCU-EEIE30047-Special-Topics-in-Computer-Aided-Design/HW4-Modeling-Mixed-Signal-System-and-Simulating-with-AMS/2022CAD_HW4/Lab2
\o 64-bit offsets
\o Qt version: 		4.8.5
\o changeWorkingDir("/edahome/course/2022CAD/2022CAD021/NYCU-EEIE30047-Special-Topics-in-Computer-Aided-Design/HW4-Modeling-Mixed-Signal-System-and-Simulating-with-AMS/2022CAD_HW4/Lab2") unnecessary.
\o ddSetForcedLib("") unnecessary.
\o Log file is "/edahome/course/2022CAD/2022CAD021/NYCU-EEIE30047-Special-Topics-in-Computer-Aided-Design/HW4-Modeling-Mixed-Signal-System-and-Simulating-with-AMS/2022CAD_HW4/Lab2/libManager.log".
\o Opening libManager window.
\a nrSetWindowVisibility(cdsLibManager "show")
\o MPS service: map window
\o Library Manager customization server connected.
\a nrSetCurrentWindow(cdsLibManager)
\a nrResizeWindow(cdsLibManager list(836 29 602 491))
\a cdsLibManager->libListBox->value = "PLL"
\a cdsLibManager->libLineEdit->value = "PLL"
\a cdsLibManager->cellListBox->value = "stimulus_D"
\a cdsLibManager->cellLineEdit->value = "stimulus_D"
\o MPS request: edit design
\a nrListItemAction(cdsLibManager->cellListBox 6 0)
\a cdsLibManager->libListBox->value = nil
\a cdsLibManager->libLineEdit->value = ""
\a cdsLibManager->cellLineEdit->value = ""
\a cdsLibManager->cellListBox->value = nil
\a cdsLibManager->libListBox->value = "PLL"
\a cdsLibManager->libLineEdit->value = "PLL"
\a cdsLibManager->cellListBox->value = "stimulus_D"
\a cdsLibManager->cellLineEdit->value = "stimulus_D"
\a nrSetCurrentWindow(cdsLibManager)
\a cdsLibManager->viewListBox->value = "functional"
\a cdsLibManager->viewLineEdit->value = "functional"
\o MPS request: edit design
\a nrListItemAction(cdsLibManager->gdmXTView 0 0)
\a nrSetCurrentWindow(cdsLibManager)
\a nrSetCurrentWindow(cdsLibManager)
\a nrSetCurrentWindow(cdsLibManager)
\a nrSetCurrentWindow(cdsLibManager)
\a nrSetCurrentWindow(cdsLibManager)
\a nrSetCurrentWindow(cdsLibManager)
\a cdsLibManager->FileNewLibButton->value = t
\a nrSetWindowVisibility(NewLibShell "show")
\a NewLibShell->QLineEdit2->value = "/edahome/course/2022CAD/2022CAD021/NYCU-EEIE30047-Special-Topics-in-Computer-Aided-Design/HW4-Modeling-Mixed-Signal-System-and-Simulating-with-AMS/2022CAD_HW4/Lab2/"
\a nrSetCurrentWindow(NewLibShell)
\a nrSetCurrentWindow(NewLibShell->subDialog)
\a nrResizeWindow(NewLibShell list(883 51 507 559))
\a NewLibShell->newLibNameText->value = ""
\a NewLibShell->QLineEdit1->value = "New_Folder"
\a NewLibShell->QLineEdit2->value = "/edahome/course/2022CAD/2022CAD021/"
\a NewLibShell->QLineEdit1->value = "NYCU-EEIE30047-Special-Topics-in-Computer-Aided-Design"
\a NewLibShell->QLineEdit1->value = ""
\a NewLibShell->QLineEdit2->value = "/edahome/course/2022CAD/2022CAD021/NYCU-EEIE30047-Special-Topics-in-Computer-Aided-Design/"
\a NewLibShell->QLineEdit1->value = "HW4-Modeling-Mixed-Signal-System-and-Simulating-with-AMS"
\a NewLibShell->QLineEdit1->value = ""
\a NewLibShell->QLineEdit2->value = "/edahome/course/2022CAD/2022CAD021/NYCU-EEIE30047-Special-Topics-in-Computer-Aided-Design/HW4-Modeling-Mixed-Signal-System-and-Simulating-with-AMS/"
\a NewLibShell->QLineEdit1->value = "2022CAD_HW4"
\a NewLibShell->QLineEdit1->value = ""
\a NewLibShell->QLineEdit2->value = "/edahome/course/2022CAD/2022CAD021/NYCU-EEIE30047-Special-Topics-in-Computer-Aided-Design/HW4-Modeling-Mixed-Signal-System-and-Simulating-with-AMS/2022CAD_HW4/"
\a NewLibShell->QLineEdit1->value = "New_Folder"
\a NewLibShell->qt_rename_edit->value = "Lab3"
\a nrDialogAccept(NewLibShell->subDialog)
\a NewLibShell->QLineEdit1->value = "Lab3"
\a NewLibShell->QLineEdit1->value = ""
\a NewLibShell->QLineEdit2->value = "/edahome/course/2022CAD/2022CAD021/NYCU-EEIE30047-Special-Topics-in-Computer-Aided-Design/HW4-Modeling-Mixed-Signal-System-and-Simulating-with-AMS/2022CAD_HW4/Lab3/"
\a NewLibShell->newLibNameText->value = "ADC"
\a nrDialogAccept(NewLibShell)
\a NewLibShell->newLibOKButton->value = t
\a NewLibShell->subDialog->value = '("/edahome/course/2022CAD/2022CAD021/NYCU-EEIE30047-Special-Topics-in-Computer-Aided-Design/HW4-Modeling-Mixed-Signal-System-and-Simulating-with-AMS/2022CAD_HW4/Lab3" "/edahome/course/2022CAD/2022CAD021/NYCU-EEIE30047-Special-Topics-in-Computer-Aided-Design/HW4-Modeling-Mixed-Signal-System-and-Simulating-with-AMS/2022CAD_HW4/Lab3/")
\a nrSetWindowVisibility(workingDialogForm "show")
\a nrSetCurrentWindow(workingDialogForm)
\a NewLibShell->newLibNameText->value = "ADC"
\o Created new library "ADC" at /edahome/course/2022CAD/2022CAD021/NYCU-EEIE30047-Special-Topics-in-Computer-Aided-Design/HW4-Modeling-Mixed-Signal-System-and-Simulating-with-AMS/2022CAD_HW4/Lab3/ADC.
\a nrSetCurrentWindow(NewLibShell)
\a nrSetCurrentWindow(cdsLibManager)
\a nrResizeWindow(workingDialogForm list(1000 73 274 133))
\a cdsLibManager->libListBox->value = nil
\a cdsLibManager->libLineEdit->value = ""
\a cdsLibManager->cellLineEdit->value = ""
\a cdsLibManager->viewLineEdit->value = ""
\a cdsLibManager->cellListBox->value = nil
\a cdsLibManager->viewListBox->value = nil
\a cdsLibManager->libListBox->value = "PLL"
\a cdsLibManager->libLineEdit->value = "PLL"
\a cdsLibManager->cellListBox->value = "stimulus_D"
\a cdsLibManager->cellLineEdit->value = "stimulus_D"
\a cdsLibManager->viewListBox->value = "functional"
\a cdsLibManager->viewLineEdit->value = "functional"
\a cdsLibManager->viewLineEdit->value = ""
\a cdsLibManager->viewListBox->value = nil
\a cdsLibManager->viewListBox->value = "functional"
\a cdsLibManager->viewLineEdit->value = "functional"
\a nrSetCurrentWindow(cdsLibManager)
\a cdsLibManager->libListBox->value = nil
\a cdsLibManager->libLineEdit->value = ""
\a cdsLibManager->cellLineEdit->value = ""
\a cdsLibManager->viewLineEdit->value = ""
\a cdsLibManager->cellListBox->value = nil
\a cdsLibManager->viewListBox->value = nil
\a cdsLibManager->libListBox->value = "PLL"
\a cdsLibManager->libLineEdit->value = "PLL"
\a cdsLibManager->cellListBox->value = "stimulus_D"
\a cdsLibManager->cellLineEdit->value = "stimulus_D"
\a cdsLibManager->viewListBox->value = "functional"
\a cdsLibManager->viewLineEdit->value = "functional"
\a cdsLibManager->viewLineEdit->value = ""
\a cdsLibManager->viewListBox->value = nil
\a cdsLibManager->viewListBox->value = "functional"
\a cdsLibManager->viewLineEdit->value = "functional"
\a cdsLibManager->libListBox->value = "ADC"
\a cdsLibManager->cellListBox->value = nil
\a cdsLibManager->viewListBox->value = nil
\a cdsLibManager->viewLineEdit->value = ""
\a cdsLibManager->libLineEdit->value = "ADC"
\a cdsLibManager->cellLineEdit->value = ""
\a lmgrLogShowPopup("mainListPopup1" 39 7 2 "")
\a cdsLibManager->FileNewCVButton->value = t
\a nrSetCurrentWindow(cdsLibManager)
\a cdsLibManager->FileNewCVButton->value = t
\a nrSetCurrentWindow(cdsLibManager)
\a nrSetCurrentWindow(cdsLibManager)
\a nrSetCurrentWindow(cdsLibManager)
\a cdsLibManager->FileNewCVButton->value = t
\a nrSetCurrentWindow(cdsLibManager)
\a nrSetCurrentWindow(cdsLibManager)
\a cdsLibManager->FileNewCVButton->value = t
\a nrSetCurrentWindow(cdsLibManager)
\a nrSetCurrentWindow(cdsLibManager)
\a nrSetCurrentWindow(cdsLibManager)
\a cdsLibManager->cellListBox->value = "adc"
\a cdsLibManager->cellLineEdit->value = "adc"
\a lmgrLogShowPopup("mainListPopup1" 29 5 2 "adc")
\a cdsLibManager->editRenameButton->value = t
\a basicRenameForm->basicRenameFromEdit->value = "adc"
\a nrSetWindowVisibility(basicRenameForm "show")
\a basicRenameForm->basicRenameToEdit->value = "adc"
\a nrSetCurrentWindow(basicRenameForm)
\a nrResizeWindow(basicRenameForm list(965 51 343 182))
\a basicRenameForm->basicRenameToEdit->value = "encoder"
\a nrDialogAccept(basicRenameForm)
\a basicRenameForm->OK->value = t
\o View file /edahome/course/2022CAD/2022CAD021/NYCU-EEIE30047-Special-Topics-in-Computer-Aided-Design/HW4-Modeling-Mixed-Signal-System-and-Simulating-with-AMS/2022CAD_HW4/Lab3/ADC/adc/schematic/sch.oa is locked by 2022CAD021 at host mseda01
\a basicRenameForm->basicRenameToEdit->value = "encoder"
\o ERROR (CLM-223): Cell ADC/adc has files that are locked or are checked out.\nCheck the "Messages" window for a list of which files are causing problem\nRename failed.
\a nrSetWindowVisibility(errorDialog "show")
\a nrSetCurrentWindow(cdsLibManager)
\a nrSetCurrentWindow(errorDialog)
\a nrResizeWindow(errorDialog list(903 51 467 134))
\a errorDialog->errorOkButton->value = t
\a nrSetCurrentWindow(cdsLibManager)
\a cdsLibManager->viewListBox->value = "encoder"
\a cdsLibManager->viewLineEdit->value = "encoder"
\a nrSetCurrentWindow(cdsLibManager)
\a nrSetCurrentWindow(cdsLibManager)
\a nrSetCurrentWindow(cdsLibManager)
\a nrSetCurrentWindow(cdsLibManager)
\a nrSetCurrentWindow(cdsLibManager)
\a nrSetCurrentWindow(cdsLibManager)
\a nrSetCurrentWindow(cdsLibManager)
\a cdsLibManager->cellListBox->value = "comparator"
\a cdsLibManager->cellLineEdit->value = "comparator"
\a cdsLibManager->viewLineEdit->value = ""
\a cdsLibManager->viewListBox->value = nil
\a cdsLibManager->viewListBox->value = "veriloga"
\a cdsLibManager->viewLineEdit->value = "veriloga"
\a cdsLibManager->cellListBox->value = "adc"
\a cdsLibManager->cellLineEdit->value = "adc"
\a cdsLibManager->viewLineEdit->value = ""
\a cdsLibManager->viewListBox->value = nil
\a cdsLibManager->viewListBox->value = "encoder"
\a cdsLibManager->viewLineEdit->value = "encoder"
\a cdsLibManager->viewListBox->value = nil
\a cdsLibManager->viewLineEdit->value = ""
\a cdsLibManager->viewListBox->value = "encoder"
\a cdsLibManager->viewLineEdit->value = "encoder"
\a lmgrLogShowPopup("mainListPopup2" 39 6 2 "encoder")
\a cdsLibManager->editDeleteButton->value = t
\a deleteForm->deleteBothRadioButton->value = t
\a deleteForm->deleteFilterEdit->value = "*"
\a deleteForm->notDeleteFilterEdit->value = "*"
\a nrSetWindowVisibility(deleteForm "show")
\a nrSetCurrentWindow(deleteForm)
\a nrResizeWindow(deleteForm list(803 44 627 425))
\a deleteForm->OK->value = t
\o QUESTION (CLM-199): The following 1 items are marked for deletion.  Are you sure?
\a nrSetWindowVisibility(mcMBXDLG "show")
\a nrSetCurrentWindow(mcMBXDLG)
\a nrResizeWindow(mcMBXDLG list(940 66 352 287))
\a mcMBXDLG->pushButton1->value = t
\o Deleting view "encoder" from cell "adc" in library "ADC".
\a nrSetWindowVisibility(workingDialogForm "show")
\a nrSetCurrentWindow(deleteForm)
\a nrSetCurrentWindow(cdsLibManager)
\a nrSetCurrentWindow(workingDialogForm)
\o Deleted cellview 'ADC/adc/encoder'.
\o Deletion of 1 view done.
\a workingDialogForm->Close->value = t
\a nrSetCurrentWindow(cdsLibManager)
\a nrResizeWindow(workingDialogForm list(1000 73 277 133))
\a cdsLibManager->viewListBox->value = nil
\a cdsLibManager->viewLineEdit->value = ""
\a cdsLibManager->libListBox->value = nil
\a cdsLibManager->libLineEdit->value = ""
\a cdsLibManager->cellLineEdit->value = ""
\a cdsLibManager->cellListBox->value = nil
\a cdsLibManager->libListBox->value = "ADC"
\a cdsLibManager->libLineEdit->value = "ADC"
\a cdsLibManager->cellListBox->value = "adc"
\a cdsLibManager->cellLineEdit->value = "adc"
\a cdsLibManager->viewListBox->value = "schematic"
\a cdsLibManager->viewLineEdit->value = "schematic"
\a cdsLibManager->viewLineEdit->value = ""
\a cdsLibManager->viewListBox->value = nil
\a cdsLibManager->viewListBox->value = "schematic"
\a cdsLibManager->viewLineEdit->value = "schematic"
\a cdsLibManager->viewLineEdit->value = ""
\a cdsLibManager->viewListBox->value = nil
\a cdsLibManager->cellListBox->value = "comparator"
\a cdsLibManager->cellLineEdit->value = "comparator"
\a cdsLibManager->viewListBox->value = "veriloga"
\a cdsLibManager->viewLineEdit->value = "veriloga"
\a cdsLibManager->cellListBox->value = "encoder"
\a cdsLibManager->cellLineEdit->value = "encoder"
\a cdsLibManager->viewLineEdit->value = ""
\a cdsLibManager->viewListBox->value = nil
\a cdsLibManager->viewListBox->value = "verilogams"
\a cdsLibManager->viewLineEdit->value = "verilogams"
\a cdsLibManager->cellListBox->value = "comparator"
\a cdsLibManager->cellLineEdit->value = "comparator"
\a cdsLibManager->viewLineEdit->value = ""
\a cdsLibManager->viewListBox->value = nil
\a cdsLibManager->viewListBox->value = "veriloga"
\a cdsLibManager->viewLineEdit->value = "veriloga"
